# JRE version: OpenJDK Runtime Environment (17.0.7) (build 17.0.7+0-b2043.56-10550314)
# Java VM: OpenJDK 64-Bit Server VM (17.0.7+0-b2043.56-10550314, mixed mode, tiered, compressed oops, compressed class ptrs, g1 gc, windows-amd64)
GC Precious Log:
 CPUs: 4 total, 4 available
 Memory: 8075M
 Large Page Support: Disabled
 NUMA Support: Disabled
 Compressed Oops: Enabled (32-bit)
 Heap Region Size: 1M
 Heap Min Capacity: 8M
 Heap Initial Capacity: 128M
 Heap Max Capacity: 2G
 Pre-touch: Disabled
 Parallel Workers: 4
 Concurrent Workers: 1
 Concurrent Refinement Workers: 4
 Periodic GC: Disabled
Heap:
 garbage-first heap   total 106496K, used 70666K [0x0000000080000000, 0x0000000100000000)
  region size 1024K, 16 young (16384K), 2 survivors (2048K)
 Metaspace       used 47531K, committed 47936K, reserved 1114112K
  class space    used 6328K, committed 6528K, reserved 1048576K
GC Heap History (20 events):
Event: 6.383 GC heap before
{Heap before GC invocations=6 (full 0):
 garbage-first heap   total 68608K, used 55761K [0x0000000080000000, 0x0000000100000000)
  region size 1024K, 30 young (30720K), 3 survivors (3072K)
 Metaspace       used 29780K, committed 30080K, reserved 1114112K
  class space    used 4035K, committed 4224K, reserved 1048576K
}
Event: 6.387 GC heap after
{Heap after GC invocations=7 (full 0):
 garbage-first heap   total 68608K, used 30346K [0x0000000080000000, 0x0000000100000000)
  region size 1024K, 4 young (4096K), 4 survivors (4096K)
 Metaspace       used 29780K, committed 30080K, reserved 1114112K
  class space    used 4035K, committed 4224K, reserved 1048576K
}
Event: 8.693 GC heap before
{Heap before GC invocations=7 (full 0):
 garbage-first heap   total 68608K, used 32394K [0x0000000080000000, 0x0000000100000000)
  region size 1024K, 8 young (8192K), 4 survivors (4096K)
 Metaspace       used 29953K, committed 30272K, reserved 1114112K
  class space    used 4065K, committed 4224K, reserved 1048576K
}
Event: 8.698 GC heap after
{Heap after GC invocations=8 (full 0):
 garbage-first heap   total 68608K, used 32539K [0x0000000080000000, 0x0000000100000000)
  region size 1024K, 3 young (3072K), 3 survivors (3072K)
 Metaspace       used 29953K, committed 30272K, reserved 1114112K
  class space    used 4065K, committed 4224K, reserved 1048576K
}
Event: 11.440 GC heap before
{Heap before GC invocations=9 (full 0):
 garbage-first heap   total 80896K, used 44827K [0x0000000080000000, 0x0000000100000000)
  region size 1024K, 4 young (4096K), 3 survivors (3072K)
 Metaspace       used 29955K, committed 30272K, reserved 1114112K
  class space    used 4065K, committed 4224K, reserved 1048576K
}
Event: 11.442 GC heap after
{Heap after GC invocations=10 (full 0):
 garbage-first heap   total 80896K, used 44667K [0x0000000080000000, 0x0000000100000000)
  region size 1024K, 2 young (2048K), 2 survivors (2048K)
 Metaspace       used 29955K, committed 30272K, reserved 1114112K
  class space    used 4065K, committed 4224K, reserved 1048576K
}
Event: 15.865 GC heap before
{Heap before GC invocations=11 (full 0):
 garbage-first heap   total 81920K, used 62075K [0x0000000080000000, 0x0000000100000000)
  region size 1024K, 18 young (18432K), 2 survivors (2048K)
 Metaspace       used 31780K, committed 32192K, reserved 1114112K
  class space    used 4346K, committed 4544K, reserved 1048576K
}
Event: 15.868 GC heap after
{Heap after GC invocations=12 (full 0):
 garbage-first heap   total 81920K, used 48580K [0x0000000080000000, 0x0000000100000000)
  region size 1024K, 3 young (3072K), 3 survivors (3072K)
 Metaspace       used 31780K, committed 32192K, reserved 1114112K
  class space    used 4346K, committed 4544K, reserved 1048576K
}
Event: 16.842 GC heap before
{Heap before GC invocations=12 (full 0):
 garbage-first heap   total 81920K, used 63940K [0x0000000080000000, 0x0000000100000000)
  region size 1024K, 18 young (18432K), 3 survivors (3072K)
 Metaspace       used 33748K, committed 34112K, reserved 1114112K
  class space    used 4662K, committed 4864K, reserved 1048576K
}
Event: 16.845 GC heap after
{Heap after GC invocations=13 (full 0):
 garbage-first heap   total 81920K, used 49600K [0x0000000080000000, 0x0000000100000000)
  region size 1024K, 1 young (1024K), 1 survivors (1024K)
 Metaspace       used 33748K, committed 34112K, reserved 1114112K
  class space    used 4662K, committed 4864K, reserved 1048576K
}
Event: 17.835 GC heap before
{Heap before GC invocations=14 (full 0):
 garbage-first heap   total 89088K, used 62912K [0x0000000080000000, 0x0000000100000000)
  region size 1024K, 15 young (15360K), 1 survivors (1024K)
 Metaspace       used 35844K, committed 36160K, reserved 1114112K
  class space    used 4973K, committed 5120K, reserved 1048576K
}
Event: 17.838 GC heap after
{Heap after GC invocations=15 (full 0):
 garbage-first heap   total 89088K, used 49970K [0x0000000080000000, 0x0000000100000000)
  region size 1024K, 2 young (2048K), 2 survivors (2048K)
 Metaspace       used 35844K, committed 36160K, reserved 1114112K
  class space    used 4973K, committed 5120K, reserved 1048576K
}
Event: 21.485 GC heap before
{Heap before GC invocations=15 (full 0):
 garbage-first heap   total 89088K, used 69426K [0x0000000080000000, 0x0000000100000000)
  region size 1024K, 21 young (21504K), 2 survivors (2048K)
 Metaspace       used 40564K, committed 40896K, reserved 1114112K
  class space    used 5486K, committed 5632K, reserved 1048576K
}
Event: 21.490 GC heap after
{Heap after GC invocations=16 (full 0):
 garbage-first heap   total 89088K, used 52124K [0x0000000080000000, 0x0000000100000000)
  region size 1024K, 3 young (3072K), 3 survivors (3072K)
 Metaspace       used 40564K, committed 40896K, reserved 1114112K
  class space    used 5486K, committed 5632K, reserved 1048576K
}
Event: 21.788 GC heap before
{Heap before GC invocations=17 (full 0):
 garbage-first heap   total 92160K, used 69532K [0x0000000080000000, 0x0000000100000000)
  region size 1024K, 21 young (21504K), 3 survivors (3072K)
 Metaspace       used 42517K, committed 42944K, reserved 1114112K
  class space    used 5700K, committed 5888K, reserved 1048576K
}
Event: 21.796 GC heap after
{Heap after GC invocations=18 (full 0):
 garbage-first heap   total 92160K, used 54666K [0x0000000080000000, 0x0000000100000000)
  region size 1024K, 3 young (3072K), 3 survivors (3072K)
 Metaspace       used 42517K, committed 42944K, reserved 1114112K
  class space    used 5700K, committed 5888K, reserved 1048576K
}
Event: 22.268 GC heap before
{Heap before GC invocations=18 (full 0):
 garbage-first heap   total 92160K, used 69002K [0x0000000080000000, 0x0000000100000000)
  region size 1024K, 19 young (19456K), 3 survivors (3072K)
 Metaspace       used 42990K, committed 43392K, reserved 1114112K
  class space    used 5746K, committed 5952K, reserved 1048576K
}
Event: 22.272 GC heap after
{Heap after GC invocations=19 (full 0):
 garbage-first heap   total 92160K, used 55865K [0x0000000080000000, 0x0000000100000000)
  region size 1024K, 3 young (3072K), 3 survivors (3072K)
 Metaspace       used 42990K, committed 43392K, reserved 1114112K
  class space    used 5746K, committed 5952K, reserved 1048576K
}
Event: 25.777 GC heap before
{Heap before GC invocations=20 (full 0):
 garbage-first heap   total 106496K, used 78393K [0x0000000080000000, 0x0000000100000000)
  region size 1024K, 21 young (21504K), 3 survivors (3072K)
 Metaspace       used 45912K, committed 46336K, reserved 1114112K
  class space    used 6082K, committed 6272K, reserved 1048576K
}
Event: 25.781 GC heap after
{Heap after GC invocations=21 (full 0):
 garbage-first heap   total 106496K, used 57354K [0x0000000080000000, 0x0000000100000000)
  region size 1024K, 2 young (2048K), 2 survivors (2048K)
 Metaspace       used 45912K, committed 46336K, reserved 1114112K
  class space    used 6082K, committed 6272K, reserved 1048576K
}

